<?xml version="1.0" encoding="UTF-8" ?>
<testsuite failures="0" time="1.185" errors="1" skipped="0" tests="11" name="fr.norsys.dojo.mastermind.MastermindTest">
  <properties>
[...]
</properties>
  <testcase time="1.03" classname="fr.norsys.dojo.mastermind.MastermindTest" name="shouldCRUDResultatDAO"/>
  <testcase time="0.015" classname="fr.norsys.dojo.mastermind.MastermindTest" name="shouldCRUDResultatSERVICE"/>
  <testcase time="0.032" classname="fr.norsys.dojo.mastermind.MastermindTest" name="shouldCRUDUtilisateurSERVICE"/>
  <testcase time="0" classname="fr.norsys.dojo.mastermind.MastermindTest" name="shouldCRUDUtilisateurDAO">
    <error type="java.lang.NullPointerException">java.lang.NullPointerException
	at fr.norsys.dojo.DAO.DaoUtilisateur.ajoutUtilisateur(DaoUtilisateur.java:28)
	at fr.norsys.dojo.mastermind.MastermindTest.shouldCRUDUtilisateurDAO(MastermindTest.java:138)
	at sun.reflect.NativeMethodAccessorImpl.invoke0(Native Method)
	at sun.reflect.NativeMethodAccessorImpl.invoke(NativeMethodAccessorImpl.java:39)
	at sun.reflect.DelegatingMethodAccessorImpl.invoke(DelegatingMethodAccessorImpl.java:25)
	at java.lang.reflect.Method.invoke(Method.java:597)
	at org.junit.runners.model.FrameworkMethod$1.runReflectiveCall(FrameworkMethod.java:44)
	at org.junit.internal.runners.model.ReflectiveCallable.run(ReflectiveCallable.java:15)
	at org.junit.runners.model.FrameworkMethod.invokeExplosively(FrameworkMethod.java:41)
	at org.junit.internal.runners.statements.InvokeMethod.evaluate(InvokeMethod.java:20)
	at org.junit.runners.BlockJUnit4ClassRunner.runChild(BlockJUnit4ClassRunner.java:76)
	at org.junit.runners.BlockJUnit4ClassRunner.runChild(BlockJUnit4ClassRunner.java:50)
	at org.junit.runners.ParentRunner$3.run(ParentRunner.java:193)
	at org.junit.runners.ParentRunner$1.schedule(ParentRunner.java:52)
	at org.junit.runners.ParentRunner.runChildren(ParentRunner.java:191)
	at org.junit.runners.ParentRunner.access$000(ParentRunner.java:42)
	at org.junit.runners.ParentRunner$2.evaluate(ParentRunner.java:184)
	at org.junit.runners.ParentRunner.run(ParentRunner.java:236)
	at org.apache.maven.surefire.junit4.JUnit4TestSet.execute(JUnit4TestSet.java:35)
	at org.apache.maven.surefire.junit4.JUnit4Provider.executeTestSet(JUnit4Provider.java:115)
	at org.apache.maven.surefire.junit4.JUnit4Provider.invoke(JUnit4Provider.java:97)
	at sun.reflect.NativeMethodAccessorImpl.invoke0(Native Method)
	at sun.reflect.NativeMethodAccessorImpl.invoke(NativeMethodAccessorImpl.java:39)
	at sun.reflect.DelegatingMethodAccessorImpl.invoke(DelegatingMethodAccessorImpl.java:25)
	at java.lang.reflect.Method.invoke(Method.java:597)
	at org.apache.maven.surefire.booter.ProviderFactory$ClassLoaderProxy.invoke(ProviderFactory.java:103)
	at $Proxy0.invoke(Unknown Source)
	at org.apache.maven.surefire.booter.SurefireStarter.invokeProvider(SurefireStarter.java:150)
	at org.apache.maven.surefire.booter.SurefireStarter.runSuitesInProcess(SurefireStarter.java:91)
	at org.apache.maven.surefire.booter.ForkedBooter.main(ForkedBooter.java:69)
</error>
  </testcase>
  <testcase time="0" classname="fr.norsys.dojo.mastermind.MastermindTest" name="shouldAvoirSolution"/>
  <testcase time="0" classname="fr.norsys.dojo.mastermind.MastermindTest" name="shouldSaveSolution"/>
  <testcase time="0.015" classname="fr.norsys.dojo.mastermind.MastermindTest" name="shouldVerifyOneGood"/>
  <testcase time="0" classname="fr.norsys.dojo.mastermind.MastermindTest" name="shouldVerifyTwoGood"/>
  <testcase time="0" classname="fr.norsys.dojo.mastermind.MastermindTest" name="shouldVerifyOneFalsePosition"/>
  <testcase time="0" classname="fr.norsys.dojo.mastermind.MastermindTest" name="shouldAcceptDifferentSize"/>
  <testcase time="0" classname="fr.norsys.dojo.mastermind.MastermindTest" name="shouldVerifyZeroGood"/>
</testsuite>