<?xml version="1.0" encoding="UTF-8" ?>
<testsuite failures="0" time="0.125" errors="0" skipped="0" tests="7" name="fr.norsys.dojo.mastermind.MastermindTest">
  <properties>
[...]
</properties>
  <testcase time="0" classname="fr.norsys.dojo.mastermind.MastermindTest" name="shouldAvoirSolution"/>
  <testcase time="0" classname="fr.norsys.dojo.mastermind.MastermindTest" name="shouldSaveSolution"/>
  <testcase time="0" classname="fr.norsys.dojo.mastermind.MastermindTest" name="shouldVerifyOneGood"/>
  <testcase time="0" classname="fr.norsys.dojo.mastermind.MastermindTest" name="shouldVerifyTwoGood"/>
  <testcase time="0" classname="fr.norsys.dojo.mastermind.MastermindTest" name="shouldVerifyOneFalsePosition"/>
  <testcase time="0.015" classname="fr.norsys.dojo.mastermind.MastermindTest" name="shouldAcceptDifferentSize"/>
  <testcase time="0" classname="fr.norsys.dojo.mastermind.MastermindTest" name="shouldVerifyZeroGood"/>
</testsuite>